2024-05-05 18:06:13,012 INFO o.a.j.u.JMeterUtils: Setting Locale to en_EN
2024-05-05 18:06:13,024 INFO o.a.j.JMeter: Loading user properties from: /Users/stefan/apps/apache-jmeter-5.6.3/bin/user.properties
2024-05-05 18:06:13,024 INFO o.a.j.JMeter: Loading system properties from: /Users/stefan/apps/apache-jmeter-5.6.3/bin/system.properties
2024-05-05 18:06:13,027 INFO o.a.j.JMeter: Copyright (c) 1998-2024 The Apache Software Foundation
2024-05-05 18:06:13,027 INFO o.a.j.JMeter: Version 5.6.3
2024-05-05 18:06:13,027 INFO o.a.j.JMeter: java.version=21.0.2
2024-05-05 18:06:13,027 INFO o.a.j.JMeter: java.vm.name=OpenJDK 64-Bit Server VM
2024-05-05 18:06:13,027 INFO o.a.j.JMeter: os.name=Mac OS X
2024-05-05 18:06:13,027 INFO o.a.j.JMeter: os.arch=aarch64
2024-05-05 18:06:13,027 INFO o.a.j.JMeter: os.version=14.4.1
2024-05-05 18:06:13,027 INFO o.a.j.JMeter: file.encoding=UTF-8
2024-05-05 18:06:13,027 INFO o.a.j.JMeter: java.awt.headless=true
2024-05-05 18:06:13,027 INFO o.a.j.JMeter: Max memory     =1073741824
2024-05-05 18:06:13,027 INFO o.a.j.JMeter: Available Processors =8
2024-05-05 18:06:13,032 INFO o.a.j.JMeter: Default Locale=English (EN)
2024-05-05 18:06:13,032 INFO o.a.j.JMeter: JMeter  Locale=English (EN)
2024-05-05 18:06:13,032 INFO o.a.j.JMeter: JMeterHome=/Users/stefan/apps/apache-jmeter-5.6.3
2024-05-05 18:06:13,032 INFO o.a.j.JMeter: user.dir  =/Users/stefan/sources/cogtiff_benachmark
2024-05-05 18:06:13,032 INFO o.a.j.JMeter: PWD       =/Users/stefan/sources/cogtiff_benachmark
2024-05-05 18:06:13,033 INFO o.a.j.JMeter: IP: 127.0.0.1 Name: Monterrico.local FullName: localhost
2024-05-05 18:06:13,057 INFO o.a.j.JMeter: Setting property 'jmeter.reportgenerator.outputdir' to:'/Users/stefan/sources/cogtiff_benachmark/exo-dashboard-n1'
2024-05-05 18:06:13,059 INFO o.a.j.s.FileServer: Default base='/Users/stefan/sources/cogtiff_benachmark'
2024-05-05 18:06:13,059 INFO o.a.j.s.FileServer: Set new base='/Users/stefan/sources/cogtiff_benachmark'
2024-05-05 18:06:13,149 INFO o.a.j.s.SaveService: Testplan (JMX) version: 2.2. Testlog (JTL) version: 2.2
2024-05-05 18:06:13,171 INFO o.a.j.s.SaveService: Using SaveService properties version 5.0
2024-05-05 18:06:13,173 INFO o.a.j.s.SaveService: Using SaveService properties file encoding UTF-8
2024-05-05 18:06:13,174 INFO o.a.j.s.SaveService: Loading file: cogtiff.jmx
2024-05-05 18:06:13,209 INFO o.a.j.p.h.s.HTTPSamplerBase: Parser for text/html is org.apache.jmeter.protocol.http.parser.LagartoBasedHtmlParser
2024-05-05 18:06:13,209 INFO o.a.j.p.h.s.HTTPSamplerBase: Parser for application/xhtml+xml is org.apache.jmeter.protocol.http.parser.LagartoBasedHtmlParser
2024-05-05 18:06:13,209 INFO o.a.j.p.h.s.HTTPSamplerBase: Parser for application/xml is org.apache.jmeter.protocol.http.parser.LagartoBasedHtmlParser
2024-05-05 18:06:13,209 INFO o.a.j.p.h.s.HTTPSamplerBase: Parser for text/xml is org.apache.jmeter.protocol.http.parser.LagartoBasedHtmlParser
2024-05-05 18:06:13,209 INFO o.a.j.p.h.s.HTTPSamplerBase: Parser for text/vnd.wap.wml is org.apache.jmeter.protocol.http.parser.RegexpHTMLParser
2024-05-05 18:06:13,210 INFO o.a.j.p.h.s.HTTPSamplerBase: Parser for text/css is org.apache.jmeter.protocol.http.parser.CssParser
2024-05-05 18:06:13,234 INFO o.a.j.JMeter: Creating summariser <summary>
2024-05-05 18:06:13,236 INFO o.a.j.r.d.ReportGenerator: ReportGenerator will use for Parsing the separator: ','
2024-05-05 18:06:13,236 INFO o.a.j.r.d.ReportGenerator: Will generate report at end of test from  results file: exo-log-n1.jtl
2024-05-05 18:06:13,236 INFO o.a.j.r.d.ReportGenerator: Reading report generator properties from: /Users/stefan/apps/apache-jmeter-5.6.3/bin/reportgenerator.properties
2024-05-05 18:06:13,237 INFO o.a.j.r.d.ReportGenerator: Merging with JMeter properties
2024-05-05 18:06:13,239 INFO o.a.j.r.c.ReportGeneratorConfiguration: Property 'jmeter.reportgenerator.temp_dir' not found, using default value 'temp' instead.
2024-05-05 18:06:13,240 INFO o.a.j.r.c.ReportGeneratorConfiguration: Property 'jmeter.reportgenerator.apdex_per_transaction' not found, using default value 'null' instead.
2024-05-05 18:06:13,240 INFO o.a.j.r.c.ReportGeneratorConfiguration: apdex_per_transaction is empty, not APDEX per transaction customization
2024-05-05 18:06:13,240 INFO o.a.j.r.c.ReportGeneratorConfiguration: Property 'jmeter.reportgenerator.sample_filter' not found, using default value 'null' instead.
2024-05-05 18:06:13,240 INFO o.a.j.r.c.ReportGeneratorConfiguration: Property 'jmeter.reportgenerator.report_title' not found, using default value 'null' instead.
2024-05-05 18:06:13,240 INFO o.a.j.r.c.ReportGeneratorConfiguration: Property 'jmeter.reportgenerator.start_date' not found, using default value 'null' instead.
2024-05-05 18:06:13,240 INFO o.a.j.r.c.ReportGeneratorConfiguration: Property 'jmeter.reportgenerator.end_date' not found, using default value 'null' instead.
2024-05-05 18:06:13,240 INFO o.a.j.r.c.ReportGeneratorConfiguration: Property 'jmeter.reportgenerator.date_format' not found, using default value 'null' instead.
2024-05-05 18:06:13,241 INFO o.a.j.r.c.ReportGeneratorConfiguration: Will use date range start date: null, end date: null
2024-05-05 18:06:13,243 INFO o.a.j.r.c.ReportGeneratorConfiguration: Property 'jmeter.reportgenerator.graph.totalTPS.exclude_controllers' not found, using default value 'false' instead.
2024-05-05 18:06:13,243 INFO o.a.j.r.c.ReportGeneratorConfiguration: Property 'jmeter.reportgenerator.graph.activeThreadsOverTime.exclude_controllers' not found, using default value 'false' instead.
2024-05-05 18:06:13,243 INFO o.a.j.r.c.ReportGeneratorConfiguration: Property 'jmeter.reportgenerator.graph.timeVsThreads.exclude_controllers' not found, using default value 'false' instead.
2024-05-05 18:06:13,243 INFO o.a.j.r.c.ReportGeneratorConfiguration: Property 'jmeter.reportgenerator.graph.responseTimeDistribution.exclude_controllers' not found, using default value 'false' instead.
2024-05-05 18:06:13,243 INFO o.a.j.r.c.ReportGeneratorConfiguration: Property 'jmeter.reportgenerator.graph.transactionsPerSecond.exclude_controllers' not found, using default value 'false' instead.
2024-05-05 18:06:13,243 INFO o.a.j.r.c.ReportGeneratorConfiguration: Property 'jmeter.reportgenerator.graph.responseTimePercentiles.exclude_controllers' not found, using default value 'false' instead.
2024-05-05 18:06:13,244 INFO o.a.j.r.c.ReportGeneratorConfiguration: Property 'jmeter.reportgenerator.graph.responseTimePercentilesOverTime.exclude_controllers' not found, using default value 'false' instead.
2024-05-05 18:06:13,244 INFO o.a.j.r.c.ReportGeneratorConfiguration: Property 'jmeter.reportgenerator.graph.responseTimesOverTime.exclude_controllers' not found, using default value 'false' instead.
2024-05-05 18:06:13,244 INFO o.a.j.r.c.ReportGeneratorConfiguration: Property 'jmeter.reportgenerator.graph.connectTimeOverTime.exclude_controllers' not found, using default value 'false' instead.
2024-05-05 18:06:13,244 INFO o.a.j.r.c.ReportGeneratorConfiguration: Property 'jmeter.reportgenerator.graph.latenciesOverTime.exclude_controllers' not found, using default value 'false' instead.
2024-05-05 18:06:13,244 INFO o.a.j.r.c.ReportGeneratorConfiguration: Property 'jmeter.reportgenerator.exporter.json.filters_only_sample_series' not found, using default value 'true' instead.
2024-05-05 18:06:13,244 INFO o.a.j.r.c.ReportGeneratorConfiguration: Property 'jmeter.reportgenerator.exporter.json.series_filter' not found, using default value '' instead.
2024-05-05 18:06:13,244 INFO o.a.j.r.c.ReportGeneratorConfiguration: Property 'jmeter.reportgenerator.exporter.json.show_controllers_only' not found, using default value 'false' instead.
2024-05-05 18:06:13,244 INFO o.a.j.r.c.ReportGeneratorConfiguration: Property 'jmeter.reportgenerator.exporter.html.filters_only_sample_series' not found, using default value 'true' instead.
2024-05-05 18:06:13,244 INFO o.a.j.r.c.ReportGeneratorConfiguration: Property 'jmeter.reportgenerator.exporter.html.series_filter' not found, using default value '' instead.
2024-05-05 18:06:13,244 INFO o.a.j.r.c.ReportGeneratorConfiguration: Property 'jmeter.reportgenerator.exporter.html.show_controllers_only' not found, using default value 'false' instead.
2024-05-05 18:06:13,251 INFO o.a.j.e.StandardJMeterEngine: Running the test!
2024-05-05 18:06:13,251 INFO o.a.j.s.SampleEvent: List of sample_variables: []
2024-05-05 18:06:13,251 INFO o.a.j.s.SampleEvent: List of sample_variables: []
2024-05-05 18:06:13,254 INFO o.a.j.e.u.CompoundVariable: Note: Function class names must contain the string: '.functions.'
2024-05-05 18:06:13,255 INFO o.a.j.e.u.CompoundVariable: Note: Function class names must not contain the string: '.gui.'
2024-05-05 18:06:13,292 INFO o.a.j.JMeter: Running test (1714925173292)
2024-05-05 18:06:13,306 INFO o.a.j.e.StandardJMeterEngine: Starting ThreadGroup: 1 : 1
2024-05-05 18:06:13,307 INFO o.a.j.e.StandardJMeterEngine: Starting 1 threads for group 1.
2024-05-05 18:06:13,307 INFO o.a.j.e.StandardJMeterEngine: Thread will continue on error
2024-05-05 18:06:13,307 INFO o.a.j.t.ThreadGroup: Starting thread group... number=1 threads=1 ramp-up=1 delayedStart=false
2024-05-05 18:06:13,309 INFO o.a.j.t.ThreadGroup: Started thread group number 1
2024-05-05 18:06:13,309 INFO o.a.j.e.StandardJMeterEngine: All thread groups have been started
2024-05-05 18:06:13,337 INFO o.a.j.t.JMeterThread: Thread started: 1 1-1
2024-05-05 18:06:13,338 INFO o.a.j.s.FileServer: Stored: /Users/stefan/sources/cogtiff_benachmark/ranges.csv
2024-05-05 18:06:13,349 INFO o.a.j.p.h.s.HTTPJavaImpl: Maximum connection retries = 0
2024-05-05 18:06:13,349 INFO o.a.j.s.SampleResult: Note: Sample TimeStamps are START times
2024-05-05 18:06:13,349 INFO o.a.j.s.SampleResult: sampleresult.default.encoding is set to UTF-8
2024-05-05 18:06:13,349 INFO o.a.j.s.SampleResult: sampleresult.useNanoTime=true
2024-05-05 18:06:13,350 INFO o.a.j.s.SampleResult: sampleresult.nanoThreadSleep=5000
2024-05-05 18:06:13,351 INFO o.a.j.u.JsseSSLManager: Using default SSL protocol: TLS
2024-05-05 18:06:13,351 INFO o.a.j.u.JsseSSLManager: SSL session context: per-thread
2024-05-05 18:06:13,380 INFO o.a.j.u.SSLManager: JmeterKeyStore Location:  type JKS
2024-05-05 18:06:13,382 INFO o.a.j.u.SSLManager: KeyStore created OK
2024-05-05 18:06:13,382 WARN o.a.j.u.SSLManager: Keystore file not found, loading empty keystore
2024-05-05 18:06:30,099 INFO o.a.j.r.Summariser: Generate Summary Results +     60 in 00:00:17 =    3.6/s Avg:   278 Min:   149 Max:   494 Err:     0 (0.00%) Active: 1 Started: 1 Finished: 0
2024-05-05 18:06:30,101 INFO o.a.j.r.Summariser: summary +     60 in 00:00:17 =    3.6/s Avg:   278 Min:   149 Max:   494 Err:     0 (0.00%) Active: 1 Started: 1 Finished: 0
2024-05-05 18:07:00,144 INFO o.a.j.r.Summariser: Generate Summary Results +    112 in 00:00:30 =    3.7/s Avg:   267 Min:   152 Max:   487 Err:     0 (0.00%) Active: 1 Started: 1 Finished: 0
2024-05-05 18:07:00,145 INFO o.a.j.r.Summariser: Generate Summary Results =    172 in 00:00:47 =    3.7/s Avg:   271 Min:   149 Max:   494 Err:     0 (0.00%)
2024-05-05 18:07:00,148 INFO o.a.j.r.Summariser: summary +    112 in 00:00:30 =    3.7/s Avg:   267 Min:   152 Max:   487 Err:     0 (0.00%) Active: 1 Started: 1 Finished: 0
2024-05-05 18:07:00,149 INFO o.a.j.r.Summariser: summary =    172 in 00:00:47 =    3.7/s Avg:   271 Min:   149 Max:   494 Err:     0 (0.00%)
2024-05-05 18:07:30,155 INFO o.a.j.r.Summariser: Generate Summary Results +    110 in 00:00:30 =    3.7/s Avg:   271 Min:   155 Max:   509 Err:     0 (0.00%) Active: 1 Started: 1 Finished: 0
2024-05-05 18:07:30,158 INFO o.a.j.r.Summariser: Generate Summary Results =    282 in 00:01:17 =    3.7/s Avg:   271 Min:   149 Max:   509 Err:     0 (0.00%)
2024-05-05 18:07:30,161 INFO o.a.j.r.Summariser: summary +    110 in 00:00:30 =    3.7/s Avg:   271 Min:   155 Max:   509 Err:     0 (0.00%) Active: 1 Started: 1 Finished: 0
2024-05-05 18:07:30,161 INFO o.a.j.r.Summariser: summary =    282 in 00:01:17 =    3.7/s Avg:   271 Min:   149 Max:   509 Err:     0 (0.00%)
2024-05-05 18:08:00,060 INFO o.a.j.r.Summariser: Generate Summary Results +    116 in 00:00:30 =    3.9/s Avg:   256 Min:   149 Max:   653 Err:     0 (0.00%) Active: 1 Started: 1 Finished: 0
2024-05-05 18:08:00,061 INFO o.a.j.r.Summariser: Generate Summary Results =    398 in 00:01:47 =    3.7/s Avg:   267 Min:   149 Max:   653 Err:     0 (0.00%)
2024-05-05 18:08:00,062 INFO o.a.j.r.Summariser: summary +    116 in 00:00:30 =    3.9/s Avg:   256 Min:   149 Max:   653 Err:     0 (0.00%) Active: 1 Started: 1 Finished: 0
2024-05-05 18:08:00,062 INFO o.a.j.r.Summariser: summary =    398 in 00:01:47 =    3.7/s Avg:   267 Min:   149 Max:   653 Err:     0 (0.00%)
2024-05-05 18:08:30,034 INFO o.a.j.r.Summariser: Generate Summary Results +    114 in 00:00:30 =    3.8/s Avg:   262 Min:   141 Max:   383 Err:     0 (0.00%) Active: 1 Started: 1 Finished: 0
2024-05-05 18:08:30,039 INFO o.a.j.r.Summariser: Generate Summary Results =    512 in 00:02:17 =    3.7/s Avg:   266 Min:   141 Max:   653 Err:     0 (0.00%)
2024-05-05 18:08:30,040 INFO o.a.j.r.Summariser: summary +    114 in 00:00:30 =    3.8/s Avg:   262 Min:   141 Max:   383 Err:     0 (0.00%) Active: 1 Started: 1 Finished: 0
2024-05-05 18:08:30,041 INFO o.a.j.r.Summariser: summary =    512 in 00:02:17 =    3.7/s Avg:   266 Min:   141 Max:   653 Err:     0 (0.00%)
2024-05-05 18:09:00,149 INFO o.a.j.r.Summariser: Generate Summary Results +    109 in 00:00:30 =    3.6/s Avg:   275 Min:   130 Max:   515 Err:     0 (0.00%) Active: 1 Started: 1 Finished: 0
2024-05-05 18:09:00,151 INFO o.a.j.r.Summariser: Generate Summary Results =    621 in 00:02:47 =    3.7/s Avg:   267 Min:   130 Max:   653 Err:     0 (0.00%)
2024-05-05 18:09:00,153 INFO o.a.j.r.Summariser: summary +    109 in 00:00:30 =    3.6/s Avg:   275 Min:   130 Max:   515 Err:     0 (0.00%) Active: 1 Started: 1 Finished: 0
2024-05-05 18:09:00,154 INFO o.a.j.r.Summariser: summary =    621 in 00:02:47 =    3.7/s Avg:   267 Min:   130 Max:   653 Err:     0 (0.00%)
2024-05-05 18:09:30,154 INFO o.a.j.r.Summariser: Generate Summary Results +    116 in 00:00:30 =    3.9/s Avg:   258 Min:   148 Max:   468 Err:     0 (0.00%) Active: 1 Started: 1 Finished: 0
2024-05-05 18:09:30,157 INFO o.a.j.r.Summariser: Generate Summary Results =    737 in 00:03:17 =    3.7/s Avg:   266 Min:   130 Max:   653 Err:     0 (0.00%)
2024-05-05 18:09:30,159 INFO o.a.j.r.Summariser: summary +    116 in 00:00:30 =    3.9/s Avg:   258 Min:   148 Max:   468 Err:     0 (0.00%) Active: 1 Started: 1 Finished: 0
2024-05-05 18:09:30,159 INFO o.a.j.r.Summariser: summary =    737 in 00:03:17 =    3.7/s Avg:   266 Min:   130 Max:   653 Err:     0 (0.00%)
2024-05-05 18:10:00,185 INFO o.a.j.r.Summariser: Generate Summary Results +    116 in 00:00:30 =    3.9/s Avg:   258 Min:   153 Max:   593 Err:     0 (0.00%) Active: 1 Started: 1 Finished: 0
2024-05-05 18:10:00,187 INFO o.a.j.r.Summariser: Generate Summary Results =    853 in 00:03:47 =    3.8/s Avg:   265 Min:   130 Max:   653 Err:     0 (0.00%)
2024-05-05 18:10:00,191 INFO o.a.j.r.Summariser: summary +    116 in 00:00:30 =    3.9/s Avg:   258 Min:   153 Max:   593 Err:     0 (0.00%) Active: 1 Started: 1 Finished: 0
2024-05-05 18:10:00,193 INFO o.a.j.r.Summariser: summary =    853 in 00:03:47 =    3.8/s Avg:   265 Min:   130 Max:   653 Err:     0 (0.00%)
2024-05-05 18:10:30,018 INFO o.a.j.r.Summariser: Generate Summary Results +    111 in 00:00:30 =    3.7/s Avg:   268 Min:   161 Max:   465 Err:     0 (0.00%) Active: 1 Started: 1 Finished: 0
2024-05-05 18:10:30,019 INFO o.a.j.r.Summariser: Generate Summary Results =    964 in 00:04:17 =    3.8/s Avg:   265 Min:   130 Max:   653 Err:     0 (0.00%)
2024-05-05 18:10:30,020 INFO o.a.j.r.Summariser: summary +    111 in 00:00:30 =    3.7/s Avg:   268 Min:   161 Max:   465 Err:     0 (0.00%) Active: 1 Started: 1 Finished: 0
2024-05-05 18:10:30,022 INFO o.a.j.r.Summariser: summary =    964 in 00:04:17 =    3.8/s Avg:   265 Min:   130 Max:   653 Err:     0 (0.00%)
2024-05-05 18:10:39,427 INFO o.a.j.t.JMeterThread: Thread is done: 1 1-1
2024-05-05 18:10:39,427 INFO o.a.j.t.JMeterThread: Thread finished: 1 1-1
2024-05-05 18:10:39,428 INFO o.a.j.e.StandardJMeterEngine: Notifying test listeners of end of test
2024-05-05 18:10:39,429 INFO o.a.j.s.FileServer: Close: /Users/stefan/sources/cogtiff_benachmark/ranges.csv
2024-05-05 18:10:39,431 INFO o.a.j.r.Summariser: summary +     36 in 00:00:09 =    3.8/s Avg:   260 Min:   164 Max:   467 Err:     0 (0.00%) Active: 0 Started: 1 Finished: 1
2024-05-05 18:10:39,432 INFO o.a.j.r.Summariser: summary =   1000 in 00:04:26 =    3.8/s Avg:   265 Min:   130 Max:   653 Err:     0 (0.00%)
2024-05-05 18:10:39,432 INFO o.a.j.r.Summariser: Generate Summary Results +     36 in 00:00:09 =    3.8/s Avg:   260 Min:   164 Max:   467 Err:     0 (0.00%) Active: 0 Started: 1 Finished: 1
2024-05-05 18:10:39,434 INFO o.a.j.r.Summariser: Generate Summary Results =   1000 in 00:04:26 =    3.8/s Avg:   265 Min:   130 Max:   653 Err:     0 (0.00%)
2024-05-05 18:10:39,435 INFO o.a.j.JMeter: Generating Dashboard
2024-05-05 18:10:39,435 INFO o.a.j.r.d.ReportGenerator: Flushing result collector before report Generation
2024-05-05 18:10:39,453 INFO o.a.j.r.p.NormalizerSampleConsumer: Using format, 'ms', to parse timeStamp field
2024-05-05 18:10:39,535 INFO o.a.j.r.p.AbstractSampleConsumer: class org.apache.jmeter.report.processor.AggregateConsumer#stopProducing(): beginDate produced 0 samples
2024-05-05 18:10:39,535 INFO o.a.j.r.p.AbstractSampleConsumer: class org.apache.jmeter.report.processor.AggregateConsumer#stopProducing(): endDate produced 0 samples
2024-05-05 18:10:39,536 INFO o.a.j.r.p.AbstractSampleConsumer: class org.apache.jmeter.report.processor.ApdexSummaryConsumer#stopProducing(): apdexSummary produced 0 samples
2024-05-05 18:10:39,536 INFO o.a.j.r.p.AbstractSampleConsumer: class org.apache.jmeter.report.processor.RequestsSummaryConsumer#stopProducing(): requestsSummary produced 0 samples
2024-05-05 18:10:39,539 INFO o.a.j.r.p.AbstractSampleConsumer: class org.apache.jmeter.report.processor.StatisticsSummaryConsumer#stopProducing(): statisticsSummary produced 0 samples
2024-05-05 18:10:39,540 INFO o.a.j.r.p.AbstractSampleConsumer: class org.apache.jmeter.report.processor.Top5ErrorsBySamplerConsumer#stopProducing(): top5ErrorsBySampler produced 0 samples
2024-05-05 18:10:39,540 INFO o.a.j.r.p.AbstractSampleConsumer: class org.apache.jmeter.report.processor.ErrorsSummaryConsumer#stopProducing(): errorsSummary produced 0 samples
2024-05-05 18:10:39,540 INFO o.a.j.r.p.AbstractSampleConsumer: class org.apache.jmeter.report.processor.graph.impl.HitsPerSecondGraphConsumer#stopProducing(): hitsPerSecond produced 0 samples
2024-05-05 18:10:39,556 INFO o.a.j.r.p.AbstractSampleConsumer: class org.apache.jmeter.report.processor.graph.impl.LatencyVSRequestGraphConsumer#stopProducing(): latencyVsRequest produced 0 samples
2024-05-05 18:10:39,556 INFO o.a.j.r.p.AbstractSampleConsumer: class org.apache.jmeter.report.processor.graph.impl.SyntheticResponseTimeDistributionGraphConsumer#stopProducing(): syntheticResponseTimeDistribution produced 0 samples
2024-05-05 18:10:39,557 INFO o.a.j.r.p.AbstractSampleConsumer: class org.apache.jmeter.report.processor.graph.impl.BytesThroughputGraphConsumer#stopProducing(): bytesThroughputOverTime produced 0 samples
2024-05-05 18:10:39,557 INFO o.a.j.r.p.AbstractSampleConsumer: class org.apache.jmeter.report.processor.graph.impl.CodesPerSecondGraphConsumer#stopProducing(): codesPerSecond produced 0 samples
2024-05-05 18:10:39,565 INFO o.a.j.r.p.AbstractSampleConsumer: class org.apache.jmeter.report.processor.graph.impl.ResponseTimeVSRequestGraphConsumer#stopProducing(): responseTimeVsRequest produced 0 samples
2024-05-05 18:10:39,565 INFO o.a.j.r.p.AbstractSampleConsumer: class org.apache.jmeter.report.processor.FilterConsumer#stopProducing(): startIntervalControlerFilter produced 7000 samples
2024-05-05 18:10:39,565 INFO o.a.j.r.p.AbstractSampleConsumer: class org.apache.jmeter.report.processor.graph.impl.TotalTPSGraphConsumer#stopProducing(): totalTPS produced 0 samples
2024-05-05 18:10:39,565 INFO o.a.j.r.p.AbstractSampleConsumer: class org.apache.jmeter.report.processor.graph.impl.ActiveThreadsGraphConsumer#stopProducing(): activeThreadsOverTime produced 0 samples
2024-05-05 18:10:39,565 INFO o.a.j.r.p.AbstractSampleConsumer: class org.apache.jmeter.report.processor.graph.impl.TimeVSThreadGraphConsumer#stopProducing(): timeVsThreads produced 0 samples
2024-05-05 18:10:39,565 INFO o.a.j.r.p.AbstractSampleConsumer: class org.apache.jmeter.report.processor.graph.impl.ResponseTimeDistributionGraphConsumer#stopProducing(): responseTimeDistribution produced 0 samples
2024-05-05 18:10:39,565 INFO o.a.j.r.p.AbstractSampleConsumer: class org.apache.jmeter.report.processor.graph.impl.TransactionsPerSecondGraphConsumer#stopProducing(): transactionsPerSecond produced 0 samples
2024-05-05 18:10:39,565 INFO o.a.j.r.p.AbstractSampleConsumer: class org.apache.jmeter.report.processor.graph.impl.ResponseTimePercentilesGraphConsumer#stopProducing(): responseTimePercentiles produced 0 samples
2024-05-05 18:10:39,566 INFO o.a.j.r.p.AbstractSampleConsumer: class org.apache.jmeter.report.processor.graph.impl.ResponseTimePercentilesOverTimeGraphConsumer#stopProducing(): responseTimePercentilesOverTime produced 0 samples
2024-05-05 18:10:39,567 INFO o.a.j.r.p.AbstractSampleConsumer: class org.apache.jmeter.report.processor.graph.impl.ResponseTimeOverTimeGraphConsumer#stopProducing(): responseTimesOverTime produced 0 samples
2024-05-05 18:10:39,567 INFO o.a.j.r.p.AbstractSampleConsumer: class org.apache.jmeter.report.processor.graph.impl.ConnectTimeOverTimeGraphConsumer#stopProducing(): connectTimeOverTime produced 0 samples
2024-05-05 18:10:39,567 INFO o.a.j.r.p.AbstractSampleConsumer: class org.apache.jmeter.report.processor.graph.impl.LatencyOverTimeGraphConsumer#stopProducing(): latenciesOverTime produced 0 samples
2024-05-05 18:10:39,567 INFO o.a.j.r.p.AbstractSampleConsumer: class org.apache.jmeter.report.processor.FilterConsumer#stopProducing(): nameFilter produced 15000 samples
2024-05-05 18:10:39,567 INFO o.a.j.r.p.AbstractSampleConsumer: class org.apache.jmeter.report.processor.FilterConsumer#stopProducing(): dateRangeFilter produced 3000 samples
2024-05-05 18:10:39,567 INFO o.a.j.r.p.AbstractSampleConsumer: class org.apache.jmeter.report.processor.NormalizerSampleConsumer#stopProducing(): normalizer produced 1000 samples
2024-05-05 18:10:39,567 INFO o.a.j.r.p.CsvFileSampleSource: produce(): 1000 samples produced in 92ms on channel 0
2024-05-05 18:10:39,567 INFO o.a.j.r.d.ReportGenerator: Exporting data using exporter:'json' of className:'org.apache.jmeter.report.dashboard.JsonExporter'
2024-05-05 18:10:39,608 INFO o.a.j.r.d.JsonExporter: Found data for consumer statisticsSummary in context
2024-05-05 18:10:39,608 INFO o.a.j.r.d.JsonExporter: Creating statistics for overall
2024-05-05 18:10:39,608 INFO o.a.j.r.d.JsonExporter: Creating statistics for other transactions
2024-05-05 18:10:39,609 INFO o.a.j.r.d.JsonExporter: Checking output folder
2024-05-05 18:10:39,609 INFO o.a.j.r.d.JsonExporter: Writing statistics JSON to /Users/stefan/sources/cogtiff_benachmark/exo-dashboard-n1/statistics.json
2024-05-05 18:10:39,629 INFO o.a.j.r.d.ReportGenerator: Exporting data using exporter:'html' of className:'org.apache.jmeter.report.dashboard.HtmlTemplateExporter'
2024-05-05 18:10:39,630 INFO o.a.j.r.d.HtmlTemplateExporter: Will generate dashboard in folder: /Users/stefan/sources/cogtiff_benachmark/exo-dashboard-n1
2024-05-05 18:10:39,689 INFO o.a.j.r.d.HtmlTemplateExporter: Report will be generated in: /Users/stefan/sources/cogtiff_benachmark/exo-dashboard-n1, creating folder structure
2024-05-05 18:10:39,691 INFO o.a.j.r.d.TemplateVisitor: Copying folder from '/Users/stefan/apps/apache-jmeter-5.6.3/bin/report-template' to '/Users/stefan/sources/cogtiff_benachmark/exo-dashboard-n1', got message: /Users/stefan/sources/cogtiff_benachmark/exo-dashboard-n1, found non empty folder with following content [/Users/stefan/sources/cogtiff_benachmark/exo-dashboard-n1/statistics.json], will be ignored
2024-05-05 18:10:39,876 INFO o.a.j.JMeter: Dashboard generated
